Using pre-set license
Built from '2021.3/staging' branch; Version is '2021.3.11f1 (0a5ca18544bf) revision 679073'; Using compiler version '192829333'; Build Type 'Release'
OS: 'Windows 10  (10.0.19045) 64bit Core' Language: 'en' Physical Memory: 8013 MB
BatchMode: 1, IsHumanControllingUs: 0, StartBugReporterOnCrash: 0, Is64bit: 1, IsPro: 1

COMMAND LINE ARGUMENTS:
C:\Program Files\Unity\Hub\Editor\2021.3.11f1\Editor\Unity.exe
-adb2
-batchMode
-noUpm
-name
AssetImportWorker2
-projectPath
C:/Users/Ninjas/Documents/GitHub/Maximus-An-Red/MA-HappyISHSlimmes
-logFile
Logs/AssetImportWorker2.log
-srvPort
52090
Successfully changed project path to: C:/Users/Ninjas/Documents/GitHub/Maximus-An-Red/MA-HappyISHSlimmes
C:/Users/Ninjas/Documents/GitHub/Maximus-An-Red/MA-HappyISHSlimmes
[UnityMemory] Configuration Parameters - Can be set up in boot.config
    "memorysetup-bucket-allocator-granularity=16"
    "memorysetup-bucket-allocator-bucket-count=8"
    "memorysetup-bucket-allocator-block-size=33554432"
    "memorysetup-bucket-allocator-block-count=8"
    "memorysetup-main-allocator-block-size=16777216"
    "memorysetup-thread-allocator-block-size=16777216"
    "memorysetup-gfx-main-allocator-block-size=16777216"
    "memorysetup-gfx-thread-allocator-block-size=16777216"
    "memorysetup-cache-allocator-block-size=4194304"
    "memorysetup-typetree-allocator-block-size=2097152"
    "memorysetup-profiler-bucket-allocator-granularity=16"
    "memorysetup-profiler-bucket-allocator-bucket-count=8"
    "memorysetup-profiler-bucket-allocator-block-size=33554432"
    "memorysetup-profiler-bucket-allocator-block-count=8"
    "memorysetup-profiler-allocator-block-size=16777216"
    "memorysetup-profiler-editor-allocator-block-size=1048576"
    "memorysetup-temp-allocator-size-main=16777216"
    "memorysetup-job-temp-allocator-block-size=2097152"
    "memorysetup-job-temp-allocator-block-size-background=1048576"
    "memorysetup-job-temp-allocator-reduction-small-platforms=262144"
    "memorysetup-temp-allocator-size-background-worker=32768"
    "memorysetup-temp-allocator-size-job-worker=262144"
    "memorysetup-temp-allocator-size-preload-manager=33554432"
    "memorysetup-temp-allocator-size-nav-mesh-worker=65536"
    "memorysetup-temp-allocator-size-audio-worker=65536"
    "memorysetup-temp-allocator-size-cloud-worker=32768"
    "memorysetup-temp-allocator-size-gi-baking-worker=262144"
    "memorysetup-temp-allocator-size-gfx=262144"
Refreshing native plugins compatible for Editor in 156.96 ms, found 7 plugins.
Preloading 0 native plugins for Editor in 0.00 ms.
Initialize engine version: 2021.3.11f1 (0a5ca18544bf)
[Subsystems] Discovering subsystems at path C:/Program Files/Unity/Hub/Editor/2021.3.11f1/Editor/Data/Resources/UnitySubsystems
[Subsystems] Discovering subsystems at path C:/Users/Ninjas/Documents/GitHub/Maximus-An-Red/MA-HappyISHSlimmes/Assets
GfxDevice: creating device client; threaded=0; jobified=0
Direct3D:
    Version:  Direct3D 11.0 [level 11.1]
    Renderer: NVIDIA GeForce GTX 1650 with Max-Q Design (ID=0x1f9d)
    Vendor:   NVIDIA
    VRAM:     3962 MB
    Driver:   31.0.15.1659
Initialize mono
Mono path[0] = 'C:/Program Files/Unity/Hub/Editor/2021.3.11f1/Editor/Data/Managed'
Mono path[1] = 'C:/Program Files/Unity/Hub/Editor/2021.3.11f1/Editor/Data/MonoBleedingEdge/lib/mono/unityjit-win32'
Mono config path = 'C:/Program Files/Unity/Hub/Editor/2021.3.11f1/Editor/Data/MonoBleedingEdge/etc'
Using monoOptions --debugger-agent=transport=dt_socket,embedding=1,server=y,suspend=n,address=127.0.0.1:56888
Begin MonoManager ReloadAssembly
Registering precompiled unity dll's ...
Register platform support module: C:/Program Files/Unity/Hub/Editor/2021.3.11f1/Editor/Data/PlaybackEngines/WebGLSupport/UnityEditor.WebGL.Extensions.dll
Register platform support module: C:/Program Files/Unity/Hub/Editor/2021.3.11f1/Editor/Data/PlaybackEngines/WindowsStandaloneSupport/UnityEditor.WindowsStandalone.Extensions.dll
Registered in 0.011995 seconds.
Native extension for WindowsStandalone target not found
Native extension for WebGL target not found
Refreshing native plugins compatible for Editor in 153.37 ms, found 7 plugins.
Preloading 0 native plugins for Editor in 0.00 ms.
Mono: successfully reloaded assembly
- Completed reload, in  1.155 seconds
Domain Reload Profiling:
	ReloadAssembly (1156ms)
		BeginReloadAssembly (140ms)
			ExecutionOrderSort (0ms)
			DisableScriptedObjects (0ms)
			BackupInstance (0ms)
			ReleaseScriptingObjects (0ms)
			CreateAndSetChildDomain (1ms)
		EndReloadAssembly (833ms)
			LoadAssemblies (137ms)
			RebuildTransferFunctionScriptingTraits (1ms)
			SetupTypeCache (209ms)
			ReleaseScriptCaches (0ms)
			RebuildScriptCaches (51ms)
			SetupLoadedEditorAssemblies (485ms)
				LogAssemblyErrors (0ms)
				InitializePlatformSupportModulesInManaged (16ms)
				SetLoadedEditorAssemblies (0ms)
				RefreshPlugins (153ms)
				BeforeProcessingInitializeOnLoad (2ms)
				ProcessInitializeOnLoadAttributes (237ms)
				ProcessInitializeOnLoadMethodAttributes (76ms)
				AfterProcessingInitializeOnLoad (0ms)
				EditorAssembliesLoaded (0ms)
			ExecutionOrderSort2 (0ms)
			AwakeInstancesAfterBackupRestoration (0ms)
Platform modules already initialized, skipping
Registering precompiled user dll's ...
Registered in 0.021351 seconds.
Begin MonoManager ReloadAssembly
Symbol file LoadedFromMemory doesn't match image C:\Users\Ninjas\Documents\GitHub\Maximus-An-Red\MA-HappyISHSlimmes\Library\PackageCache\com.unity.visualscripting@1.7.8\Editor\VisualScripting.Core\Dependencies\YamlDotNet\Unity.VisualScripting.YamlDotNet.dll
Symbol file LoadedFromMemory doesn't match image C:\Users\Ninjas\Documents\GitHub\Maximus-An-Red\MA-HappyISHSlimmes\Library\PackageCache\com.unity.visualscripting@1.7.8\Editor\VisualScripting.Core\Dependencies\DotNetZip\Unity.VisualScripting.IonicZip.dll
Native extension for WindowsStandalone target not found
Native extension for WebGL target not found
Refreshing native plugins compatible for Editor in 188.90 ms, found 7 plugins.
Preloading 0 native plugins for Editor in 0.00 ms.
Mono: successfully reloaded assembly
- Completed reload, in  2.176 seconds
Domain Reload Profiling:
	ReloadAssembly (2178ms)
		BeginReloadAssembly (200ms)
			ExecutionOrderSort (0ms)
			DisableScriptedObjects (10ms)
			BackupInstance (0ms)
			ReleaseScriptingObjects (0ms)
			CreateAndSetChildDomain (38ms)
		EndReloadAssembly (1779ms)
			LoadAssemblies (222ms)
			RebuildTransferFunctionScriptingTraits (0ms)
			SetupTypeCache (508ms)
			ReleaseScriptCaches (1ms)
			RebuildScriptCaches (107ms)
			SetupLoadedEditorAssemblies (877ms)
				LogAssemblyErrors (0ms)
				InitializePlatformSupportModulesInManaged (11ms)
				SetLoadedEditorAssemblies (0ms)
				RefreshPlugins (189ms)
				BeforeProcessingInitializeOnLoad (165ms)
				ProcessInitializeOnLoadAttributes (452ms)
				ProcessInitializeOnLoadMethodAttributes (48ms)
				AfterProcessingInitializeOnLoad (10ms)
				EditorAssembliesLoaded (0ms)
			ExecutionOrderSort2 (0ms)
			AwakeInstancesAfterBackupRestoration (10ms)
Platform modules already initialized, skipping
========================================================================
Worker process is ready to serve import requests
Launched and connected shader compiler UnityShaderCompiler.exe after 0.08 seconds
Refreshing native plugins compatible for Editor in 2.10 ms, found 7 plugins.
Preloading 0 native plugins for Editor in 0.00 ms.
Unloading 4070 Unused Serialized files (Serialized files now loaded: 0)
Unloading 51 unused Assets / (0.6 MB). Loaded Objects now: 4539.
Memory consumption went from 158.3 MB to 157.7 MB.
Total: 12.040300 ms (FindLiveObjects: 0.750600 ms CreateObjectMapping: 1.007600 ms MarkObjects: 9.096600 ms  DeleteObjects: 1.183400 ms)

AssetImportParameters requested are different than current active one (requested -> active):
  custom:video-decoder-ogg-theora: a1e56fd34408186e4bbccfd4996cb3dc -> 
  custom:container-muxer-webm: aa71ff27fc2769a1b78a27578f13a17b -> 
  custom:container-demuxer-webm: 4f35f7cbe854078d1ac9338744f61a02 -> 
  custom:video-encoder-webm-vp8: eb34c28f22e8b96e1ab97ce403110664 -> 
  custom:audio-encoder-webm-vorbis: bf7c407c2cedff20999df2af8eb42d56 -> 
  custom:framework-win-MediaFoundation: 216162199b28c13a410421893ffa2e32 -> 
  custom:container-demuxer-ogg: 62fdf1f143b41e24485cea50d1cbac27 -> 
  custom:video-decoder-webm-vp8: 9c59270c3fd7afecdb556c50c9e8de78 -> 
  custom:audio-decoder-ogg-vorbis: bf7c407c2cedff20999df2af8eb42d56 -> 
========================================================================
Received Import Request.
  Time since last request: 91184.851723 seconds.
  path: Assets/Low Poly -RG Nature Mega Pack/Prefabs/Winter/Rocks/Stone_6_1 Variant Snow.prefab
  artifactKey: Guid(7cf838042b096ce48a60103d0a61f02e) Importer(815301076,1909f56bfc062723c751e8b465ee728b)
Start importing Assets/Low Poly -RG Nature Mega Pack/Prefabs/Winter/Rocks/Stone_6_1 Variant Snow.prefab using Guid(7cf838042b096ce48a60103d0a61f02e) Importer(815301076,1909f56bfc062723c751e8b465ee728b)  -> (artifact id: 'd4f6e1c236e05de066bcda47aca0c9b6') in 0.247924 seconds 
========================================================================
Received Import Request.
  Time since last request: 0.000051 seconds.
  path: Assets/Low Poly -RG Nature Mega Pack/Prefabs/Rocks/Stone_10_1 Variant.prefab
  artifactKey: Guid(db5824df30b248a448b3e459bd9b8ecc) Importer(815301076,1909f56bfc062723c751e8b465ee728b)
Start importing Assets/Low Poly -RG Nature Mega Pack/Prefabs/Rocks/Stone_10_1 Variant.prefab using Guid(db5824df30b248a448b3e459bd9b8ecc) Importer(815301076,1909f56bfc062723c751e8b465ee728b)  -> (artifact id: '3b21b43fa8d661c0d939f63295cc934e') in 0.043509 seconds 
========================================================================
Received Import Request.
  Time since last request: 0.000048 seconds.
  path: Assets/Low Poly -RG Nature Mega Pack/Prefabs/Trees/Tree Witchered_2 Variant.prefab
  artifactKey: Guid(2dfcdb4624fbad048bf02816379d84d7) Importer(815301076,1909f56bfc062723c751e8b465ee728b)
Start importing Assets/Low Poly -RG Nature Mega Pack/Prefabs/Trees/Tree Witchered_2 Variant.prefab using Guid(2dfcdb4624fbad048bf02816379d84d7) Importer(815301076,1909f56bfc062723c751e8b465ee728b)  -> (artifact id: 'f37dc8e6a5140e977269c5d0330a4ee0') in 0.044931 seconds 
========================================================================
Received Import Request.
  Time since last request: 0.000036 seconds.
  path: Assets/Low Poly -RG Nature Mega Pack/Prefabs/Trees/Tree Witchered_9 Variant.prefab
  artifactKey: Guid(64042b6f3a289d844846344ecad7fba4) Importer(815301076,1909f56bfc062723c751e8b465ee728b)
Start importing Assets/Low Poly -RG Nature Mega Pack/Prefabs/Trees/Tree Witchered_9 Variant.prefab using Guid(64042b6f3a289d844846344ecad7fba4) Importer(815301076,1909f56bfc062723c751e8b465ee728b)  -> (artifact id: '4e4877272821380cf17f8d9fd160a667') in 0.045636 seconds 
========================================================================
Received Import Request.
  Time since last request: 0.000033 seconds.
  path: Assets/Low Poly -RG Nature Mega Pack/Prefabs/Winter/Landscape/Terrain_1 Variant Snow.prefab
  artifactKey: Guid(38eb0a1551f17144fb1689f726faf106) Importer(815301076,1909f56bfc062723c751e8b465ee728b)
Start importing Assets/Low Poly -RG Nature Mega Pack/Prefabs/Winter/Landscape/Terrain_1 Variant Snow.prefab using Guid(38eb0a1551f17144fb1689f726faf106) Importer(815301076,1909f56bfc062723c751e8b465ee728b)  -> (artifact id: 'd6ecc9279e0e847109727535daacfbf7') in 0.038013 seconds 
========================================================================
Received Import Request.
  Time since last request: 0.000046 seconds.
  path: Assets/Low Poly -RG Nature Mega Pack/Prefabs/Rocks/Rock_Formation_3 Variant.prefab
  artifactKey: Guid(ee65c398239b83e4db44f2592a08f39d) Importer(815301076,1909f56bfc062723c751e8b465ee728b)
Start importing Assets/Low Poly -RG Nature Mega Pack/Prefabs/Rocks/Rock_Formation_3 Variant.prefab using Guid(ee65c398239b83e4db44f2592a08f39d) Importer(815301076,1909f56bfc062723c751e8b465ee728b)  -> (artifact id: '97aeab7725315f58e8bba50f15e50d08') in 0.037489 seconds 
========================================================================
Received Import Request.
  Time since last request: 0.000033 seconds.
  path: Assets/Low Poly -RG Nature Mega Pack/Prefabs/Rocks/Stone_6_1 Variant.prefab
  artifactKey: Guid(d610ea163e60e134d9a9f8036ae339c4) Importer(815301076,1909f56bfc062723c751e8b465ee728b)
Start importing Assets/Low Poly -RG Nature Mega Pack/Prefabs/Rocks/Stone_6_1 Variant.prefab using Guid(d610ea163e60e134d9a9f8036ae339c4) Importer(815301076,1909f56bfc062723c751e8b465ee728b)  -> (artifact id: 'f295145c912ae84e98a0c882e88cd3fa') in 0.037974 seconds 
========================================================================
Received Import Request.
  Time since last request: 0.000041 seconds.
  path: Assets/Low Poly -RG Nature Mega Pack/Prefabs/Winter/Rocks/Stone_8_1 Variant Snow.prefab
  artifactKey: Guid(f5a93884f6eadf94094480ead00ce07a) Importer(815301076,1909f56bfc062723c751e8b465ee728b)
Start importing Assets/Low Poly -RG Nature Mega Pack/Prefabs/Winter/Rocks/Stone_8_1 Variant Snow.prefab using Guid(f5a93884f6eadf94094480ead00ce07a) Importer(815301076,1909f56bfc062723c751e8b465ee728b)  -> (artifact id: 'fedf7e42c91abe1f9ebefc27d4108d02') in 0.034811 seconds 
========================================================================
Received Import Request.
  Time since last request: 0.000089 seconds.
  path: Assets/Low Poly -RG Nature Mega Pack/Prefabs/Trees/Tree Witchered_10 Variant.prefab
  artifactKey: Guid(a1699873f14c104468a4a0542c3c70cf) Importer(815301076,1909f56bfc062723c751e8b465ee728b)
Start importing Assets/Low Poly -RG Nature Mega Pack/Prefabs/Trees/Tree Witchered_10 Variant.prefab using Guid(a1699873f14c104468a4a0542c3c70cf) Importer(815301076,1909f56bfc062723c751e8b465ee728b)  -> (artifact id: '4382098bac549bcdcdaff44fda5c02ec') in 0.039954 seconds 
========================================================================
Received Import Request.
  Time since last request: 0.000051 seconds.
  path: Assets/Low Poly -RG Nature Mega Pack/Prefabs/Other/Water Lily Multi_2 Variant.prefab
  artifactKey: Guid(59624b1142084964a96e9cb13534dba2) Importer(815301076,1909f56bfc062723c751e8b465ee728b)
Start importing Assets/Low Poly -RG Nature Mega Pack/Prefabs/Other/Water Lily Multi_2 Variant.prefab using Guid(59624b1142084964a96e9cb13534dba2) Importer(815301076,1909f56bfc062723c751e8b465ee728b)  -> (artifact id: 'c93e86e3bec358aee854338c2eb96411') in 0.036620 seconds 
========================================================================
Received Import Request.
  Time since last request: 0.000041 seconds.
  path: Assets/Low Poly -RG Nature Mega Pack/Prefabs/Other/Tree_Trunk_2 Variant.prefab
  artifactKey: Guid(61f1a0d1b591cc446bfc504c396fa41b) Importer(815301076,1909f56bfc062723c751e8b465ee728b)
Start importing Assets/Low Poly -RG Nature Mega Pack/Prefabs/Other/Tree_Trunk_2 Variant.prefab using Guid(61f1a0d1b591cc446bfc504c396fa41b) Importer(815301076,1909f56bfc062723c751e8b465ee728b)  -> (artifact id: '70dfbd73d0fcb96d2a2ca8325000e7d8') in 0.037131 seconds 
========================================================================
Received Import Request.
  Time since last request: 0.000041 seconds.
  path: Assets/Low Poly -RG Nature Mega Pack/Prefabs/Other/TreeTrunk_1 Variant.prefab
  artifactKey: Guid(8b9d632a39ccada4baeeb74625f9ba63) Importer(815301076,1909f56bfc062723c751e8b465ee728b)
Start importing Assets/Low Poly -RG Nature Mega Pack/Prefabs/Other/TreeTrunk_1 Variant.prefab using Guid(8b9d632a39ccada4baeeb74625f9ba63) Importer(815301076,1909f56bfc062723c751e8b465ee728b)  -> (artifact id: 'b6238f85da5829d8203322e9f08b6208') in 0.037123 seconds 
========================================================================
Received Import Request.
  Time since last request: 0.000030 seconds.
  path: Assets/Low Poly -RG Nature Mega Pack/Prefabs/Winter/Other/Tree_Trunk_2_Snow Variant.prefab
  artifactKey: Guid(eeccb2cb9f5b7534fb031e76b142274e) Importer(815301076,1909f56bfc062723c751e8b465ee728b)
Start importing Assets/Low Poly -RG Nature Mega Pack/Prefabs/Winter/Other/Tree_Trunk_2_Snow Variant.prefab using Guid(eeccb2cb9f5b7534fb031e76b142274e) Importer(815301076,1909f56bfc062723c751e8b465ee728b)  -> (artifact id: '253c39ea0d194ba488ce60add76c4b38') in 0.035519 seconds 
========================================================================
Received Import Request.
  Time since last request: 0.000058 seconds.
  path: Assets/Low Poly -RG Nature Mega Pack/Prefabs/Winter/Rocks/Skull Cave_2 Variant Snow.prefab
  artifactKey: Guid(34285ed063789f941a2bdeb55ae2958b) Importer(815301076,1909f56bfc062723c751e8b465ee728b)
Start importing Assets/Low Poly -RG Nature Mega Pack/Prefabs/Winter/Rocks/Skull Cave_2 Variant Snow.prefab using Guid(34285ed063789f941a2bdeb55ae2958b) Importer(815301076,1909f56bfc062723c751e8b465ee728b)  -> (artifact id: 'ac57fd41aa4210723225a2e7c14edf4e') in 0.037399 seconds 
========================================================================
Received Import Request.
  Time since last request: 0.000021 seconds.
  path: Assets/Low Poly -RG Nature Mega Pack/Prefabs/Rocks/Stone_9 Variant.prefab
  artifactKey: Guid(9181a6ce012419b48b15ca8a2488f48f) Importer(815301076,1909f56bfc062723c751e8b465ee728b)
Start importing Assets/Low Poly -RG Nature Mega Pack/Prefabs/Rocks/Stone_9 Variant.prefab using Guid(9181a6ce012419b48b15ca8a2488f48f) Importer(815301076,1909f56bfc062723c751e8b465ee728b)  -> (artifact id: 'ad951d68be4dd81593f2f6bd3547b791') in 0.034485 seconds 
========================================================================
Received Import Request.
  Time since last request: 0.000041 seconds.
  path: Assets/Low Poly -RG Nature Mega Pack/Prefabs/Other/Wooden Sticks_4 Variant.prefab
  artifactKey: Guid(b8b6bd56a259ae5448335b54a9118438) Importer(815301076,1909f56bfc062723c751e8b465ee728b)
Start importing Assets/Low Poly -RG Nature Mega Pack/Prefabs/Other/Wooden Sticks_4 Variant.prefab using Guid(b8b6bd56a259ae5448335b54a9118438) Importer(815301076,1909f56bfc062723c751e8b465ee728b)  -> (artifact id: 'd0999130b8aa56da3dcdb2a9bc78f79d') in 0.039676 seconds 
========================================================================
Received Import Request.
  Time since last request: 0.000021 seconds.
  path: Assets/Low Poly -RG Nature Mega Pack/Prefabs/Other/Wooden Stick_3 Variant.prefab
  artifactKey: Guid(53d8d2f0f811c6c4e8e14eba37b095b0) Importer(815301076,1909f56bfc062723c751e8b465ee728b)
Start importing Assets/Low Poly -RG Nature Mega Pack/Prefabs/Other/Wooden Stick_3 Variant.prefab using Guid(53d8d2f0f811c6c4e8e14eba37b095b0) Importer(815301076,1909f56bfc062723c751e8b465ee728b)  -> (artifact id: 'f3da8b9ffa3f125dc93c884b6c4666b3') in 0.036932 seconds 
========================================================================
Received Import Request.
  Time since last request: 0.000048 seconds.
  path: Assets/Low Poly -RG Nature Mega Pack/Prefabs/Other/Wooden Log_2 Variant.prefab
  artifactKey: Guid(993ed59e5a5e27849ae5a058ab4cce76) Importer(815301076,1909f56bfc062723c751e8b465ee728b)
Start importing Assets/Low Poly -RG Nature Mega Pack/Prefabs/Other/Wooden Log_2 Variant.prefab using Guid(993ed59e5a5e27849ae5a058ab4cce76) Importer(815301076,1909f56bfc062723c751e8b465ee728b)  -> (artifact id: '20760ac4962faaf157435ec95beb4abe') in 0.035080 seconds 
========================================================================
Received Import Request.
  Time since last request: 0.000036 seconds.
  path: Assets/Low Poly -RG Nature Mega Pack/Prefabs/Winter/Other/Wooden Log_3_Snow Variant.prefab
  artifactKey: Guid(808b072c8ca3b014f858781ef53ff678) Importer(815301076,1909f56bfc062723c751e8b465ee728b)
Start importing Assets/Low Poly -RG Nature Mega Pack/Prefabs/Winter/Other/Wooden Log_3_Snow Variant.prefab using Guid(808b072c8ca3b014f858781ef53ff678) Importer(815301076,1909f56bfc062723c751e8b465ee728b)  -> (artifact id: '4d2e224154d5e9a3a80d5adbf4d8ddad') in 0.031772 seconds 
========================================================================
Received Import Request.
  Time since last request: 0.000044 seconds.
  path: Assets/Low Poly -RG Nature Mega Pack/Prefabs/Farm Plants/Wheat_3 Variant.prefab
  artifactKey: Guid(3f1f1fc3a043f1942ad37d5f6cce8705) Importer(815301076,1909f56bfc062723c751e8b465ee728b)
Start importing Assets/Low Poly -RG Nature Mega Pack/Prefabs/Farm Plants/Wheat_3 Variant.prefab using Guid(3f1f1fc3a043f1942ad37d5f6cce8705) Importer(815301076,1909f56bfc062723c751e8b465ee728b)  -> (artifact id: '12995ae4af56d0798b76162fbf8a6db1') in 0.034143 seconds 
========================================================================
Received Import Request.
  Time since last request: 0.000033 seconds.
  path: Assets/Low Poly -RG Nature Mega Pack/Prefabs/Other/Wooden Log_2_Moss Variant.prefab
  artifactKey: Guid(ad2e4b63e3bda9744b07bf0467b84904) Importer(815301076,1909f56bfc062723c751e8b465ee728b)
Start importing Assets/Low Poly -RG Nature Mega Pack/Prefabs/Other/Wooden Log_2_Moss Variant.prefab using Guid(ad2e4b63e3bda9744b07bf0467b84904) Importer(815301076,1909f56bfc062723c751e8b465ee728b)  -> (artifact id: '8904de94f40cce0e6b2fd4fb8f48c01c') in 0.039200 seconds 
========================================================================
Received Import Request.
  Time since last request: 0.000131 seconds.
  path: Assets/Low Poly -RG Nature Mega Pack/Prefabs/Trees/Tree Witchered_6 Variant.prefab
  artifactKey: Guid(34d2d226a8f22ca4d85d1939f5a70683) Importer(815301076,1909f56bfc062723c751e8b465ee728b)
Start importing Assets/Low Poly -RG Nature Mega Pack/Prefabs/Trees/Tree Witchered_6 Variant.prefab using Guid(34d2d226a8f22ca4d85d1939f5a70683) Importer(815301076,1909f56bfc062723c751e8b465ee728b)  -> (artifact id: 'f8a4ca0396e2645a02d86b1f705a644e') in 0.034947 seconds 
========================================================================
Received Import Request.
  Time since last request: 0.000034 seconds.
  path: Assets/Low Poly -RG Nature Mega Pack/Prefabs/Rocks/Stone_2_1 Variant.prefab
  artifactKey: Guid(b9006d41a3c570c459331baaf2c949ed) Importer(815301076,1909f56bfc062723c751e8b465ee728b)
Start importing Assets/Low Poly -RG Nature Mega Pack/Prefabs/Rocks/Stone_2_1 Variant.prefab using Guid(b9006d41a3c570c459331baaf2c949ed) Importer(815301076,1909f56bfc062723c751e8b465ee728b)  -> (artifact id: 'a649e12ee3dffb1b848b03be4222b882') in 0.032599 seconds 
========================================================================
Received Import Request.
  Time since last request: 0.000033 seconds.
  path: Assets/Low Poly -RG Nature Mega Pack/Prefabs/Winter/Rocks/Rock_23 Variant Snow.prefab
  artifactKey: Guid(4719b40f89af08c418be914ea46d2d71) Importer(815301076,1909f56bfc062723c751e8b465ee728b)
Start importing Assets/Low Poly -RG Nature Mega Pack/Prefabs/Winter/Rocks/Rock_23 Variant Snow.prefab using Guid(4719b40f89af08c418be914ea46d2d71) Importer(815301076,1909f56bfc062723c751e8b465ee728b)  -> (artifact id: '08a8918be4f3ff5ae378d11610de2d2a') in 0.033290 seconds 
========================================================================
Received Import Request.
  Time since last request: 0.000038 seconds.
  path: Assets/Low Poly -RG Nature Mega Pack/Prefabs/Mushrooms/Mushroom 1_3 Variant.prefab
  artifactKey: Guid(d57480811ebb4814391eac6da0b08fd6) Importer(815301076,1909f56bfc062723c751e8b465ee728b)
Start importing Assets/Low Poly -RG Nature Mega Pack/Prefabs/Mushrooms/Mushroom 1_3 Variant.prefab using Guid(d57480811ebb4814391eac6da0b08fd6) Importer(815301076,1909f56bfc062723c751e8b465ee728b)  -> (artifact id: '45b356ec9a12047775eccccfa8cfdcaa') in 0.031769 seconds 
========================================================================
Received Import Request.
  Time since last request: 0.000034 seconds.
  path: Assets/Low Poly -RG Nature Mega Pack/Prefabs/Winter/Rocks/Rock_41_1 Variant Snow.prefab
  artifactKey: Guid(c7ee0754adff6024e9b3074b1739247b) Importer(815301076,1909f56bfc062723c751e8b465ee728b)
Start importing Assets/Low Poly -RG Nature Mega Pack/Prefabs/Winter/Rocks/Rock_41_1 Variant Snow.prefab using Guid(c7ee0754adff6024e9b3074b1739247b) Importer(815301076,1909f56bfc062723c751e8b465ee728b)  -> (artifact id: '3c112440ec7b83e7f4202fd50dcc2430') in 0.031513 seconds 
========================================================================
Received Import Request.
  Time since last request: 0.000021 seconds.
  path: Assets/FantasyEnvironments/Environments/Ambient-Occlusion-Trees/FBX/Deciduous_tree1.fbx
  artifactKey: Guid(c630eafd8df6ac44a9e398da0cc05ac8) Importer(815301076,1909f56bfc062723c751e8b465ee728b)
Start importing Assets/FantasyEnvironments/Environments/Ambient-Occlusion-Trees/FBX/Deciduous_tree1.fbx using Guid(c630eafd8df6ac44a9e398da0cc05ac8) Importer(815301076,1909f56bfc062723c751e8b465ee728b)  -> (artifact id: '5470f2a8691af12e9441db25da372343') in 0.096038 seconds 
========================================================================
Received Import Request.
  Time since last request: 0.000037 seconds.
  path: Assets/Low Poly -RG Nature Mega Pack/Prefabs/Farm Plants/Field_P_L Variant.prefab
  artifactKey: Guid(2463edb11d1518c448f77f4a4ebc977f) Importer(815301076,1909f56bfc062723c751e8b465ee728b)
Start importing Assets/Low Poly -RG Nature Mega Pack/Prefabs/Farm Plants/Field_P_L Variant.prefab using Guid(2463edb11d1518c448f77f4a4ebc977f) Importer(815301076,1909f56bfc062723c751e8b465ee728b)  -> (artifact id: '454ff245c273c4a020c1c19ff5a41c87') in 0.040493 seconds 
========================================================================
Received Import Request.
  Time since last request: 0.000056 seconds.
  path: Assets/Low Poly -RG Nature Mega Pack/Meshesh/Other/Crystals_4.fbx
  artifactKey: Guid(3a31be19f17c9a84b9c07355284ca98d) Importer(815301076,1909f56bfc062723c751e8b465ee728b)
Start importing Assets/Low Poly -RG Nature Mega Pack/Meshesh/Other/Crystals_4.fbx using Guid(3a31be19f17c9a84b9c07355284ca98d) Importer(815301076,1909f56bfc062723c751e8b465ee728b)  -> (artifact id: 'e5413f4dea4f1eff1d70a111ddf6e52a') in 0.044690 seconds 
========================================================================
Received Import Request.
  Time since last request: 0.000096 seconds.
  path: Assets/Low Poly -RG Nature Mega Pack/Prefabs/Trees/Palm Tree_1_6 Variant.prefab
  artifactKey: Guid(3f40d70d938aecf499caae2e741eabab) Importer(815301076,1909f56bfc062723c751e8b465ee728b)
Start importing Assets/Low Poly -RG Nature Mega Pack/Prefabs/Trees/Palm Tree_1_6 Variant.prefab using Guid(3f40d70d938aecf499caae2e741eabab) Importer(815301076,1909f56bfc062723c751e8b465ee728b)  -> (artifact id: '260229d1cda76c2e08e0241779f9d780') in 0.037555 seconds 
========================================================================
Received Import Request.
  Time since last request: 0.000052 seconds.
  path: Assets/Low Poly -RG Nature Mega Pack/Prefabs/Landscape/Flat Rock_1 Variant.prefab
  artifactKey: Guid(438449670794c4448b4eb4b8d11723be) Importer(815301076,1909f56bfc062723c751e8b465ee728b)
Start importing Assets/Low Poly -RG Nature Mega Pack/Prefabs/Landscape/Flat Rock_1 Variant.prefab using Guid(438449670794c4448b4eb4b8d11723be) Importer(815301076,1909f56bfc062723c751e8b465ee728b)  -> (artifact id: '34e3b28f5663085ab016e7ad5bcccbcb') in 0.038183 seconds 
========================================================================
Received Import Request.
  Time since last request: 0.000042 seconds.
  path: Assets/Low Poly -RG Nature Mega Pack/Prefabs/Rocks/Rock_5 Variant.prefab
  artifactKey: Guid(3c26caa9ab2cd71408a40fb0c6ca769b) Importer(815301076,1909f56bfc062723c751e8b465ee728b)
Start importing Assets/Low Poly -RG Nature Mega Pack/Prefabs/Rocks/Rock_5 Variant.prefab using Guid(3c26caa9ab2cd71408a40fb0c6ca769b) Importer(815301076,1909f56bfc062723c751e8b465ee728b)  -> (artifact id: 'd389921b2205540066f3639217229e90') in 0.035432 seconds 
========================================================================
Received Import Request.
  Time since last request: 0.000046 seconds.
  path: Assets/Low Poly -RG Nature Mega Pack/Prefabs/Trees/BananaTree_2 Variant.prefab
  artifactKey: Guid(52a50380dc82e7f4a819939d603671bb) Importer(815301076,1909f56bfc062723c751e8b465ee728b)
Start importing Assets/Low Poly -RG Nature Mega Pack/Prefabs/Trees/BananaTree_2 Variant.prefab using Guid(52a50380dc82e7f4a819939d603671bb) Importer(815301076,1909f56bfc062723c751e8b465ee728b)  -> (artifact id: 'e39ab3383c67e27b26271ca8ebcaa54f') in 0.040643 seconds 
========================================================================
Received Prepare
Registering precompiled user dll's ...
Registered in 0.007480 seconds.
Begin MonoManager ReloadAssembly
Symbol file LoadedFromMemory doesn't match image C:\Users\Ninjas\Documents\GitHub\Maximus-An-Red\MA-HappyISHSlimmes\Library\PackageCache\com.unity.visualscripting@1.7.8\Editor\VisualScripting.Core\Dependencies\YamlDotNet\Unity.VisualScripting.YamlDotNet.dll
Symbol file LoadedFromMemory doesn't match image C:\Users\Ninjas\Documents\GitHub\Maximus-An-Red\MA-HappyISHSlimmes\Library\PackageCache\com.unity.visualscripting@1.7.8\Editor\VisualScripting.Core\Dependencies\DotNetZip\Unity.VisualScripting.IonicZip.dll
Native extension for WindowsStandalone target not found
Native extension for WebGL target not found
Refreshing native plugins compatible for Editor in 1.67 ms, found 7 plugins.
Preloading 0 native plugins for Editor in 0.00 ms.
Mono: successfully reloaded assembly
- Completed reload, in  1.612 seconds
Domain Reload Profiling:
	ReloadAssembly (1613ms)
		BeginReloadAssembly (217ms)
			ExecutionOrderSort (0ms)
			DisableScriptedObjects (6ms)
			BackupInstance (0ms)
			ReleaseScriptingObjects (0ms)
			CreateAndSetChildDomain (66ms)
		EndReloadAssembly (1240ms)
			LoadAssemblies (152ms)
			RebuildTransferFunctionScriptingTraits (0ms)
			SetupTypeCache (420ms)
			ReleaseScriptCaches (2ms)
			RebuildScriptCaches (70ms)
			SetupLoadedEditorAssemblies (551ms)
				LogAssemblyErrors (0ms)
				InitializePlatformSupportModulesInManaged (24ms)
				SetLoadedEditorAssemblies (1ms)
				RefreshPlugins (2ms)
				BeforeProcessingInitializeOnLoad (112ms)
				ProcessInitializeOnLoadAttributes (347ms)
				ProcessInitializeOnLoadMethodAttributes (50ms)
				AfterProcessingInitializeOnLoad (15ms)
				EditorAssembliesLoaded (0ms)
			ExecutionOrderSort2 (0ms)
			AwakeInstancesAfterBackupRestoration (9ms)
Platform modules already initialized, skipping
Refreshing native plugins compatible for Editor in 4.60 ms, found 7 plugins.
Preloading 0 native plugins for Editor in 0.00 ms.
Unloading 4051 Unused Serialized files (Serialized files now loaded: 0)
Unloading 33 unused Assets / (0.5 MB). Loaded Objects now: 4565.
Memory consumption went from 161.4 MB to 160.8 MB.
Total: 3.778900 ms (FindLiveObjects: 0.504800 ms CreateObjectMapping: 0.346100 ms MarkObjects: 2.618000 ms  DeleteObjects: 0.309300 ms)

AssetImportParameters requested are different than current active one (requested -> active):
  custom:video-decoder-ogg-theora: a1e56fd34408186e4bbccfd4996cb3dc -> 
  custom:container-muxer-webm: aa71ff27fc2769a1b78a27578f13a17b -> 
  custom:container-demuxer-webm: 4f35f7cbe854078d1ac9338744f61a02 -> 
  custom:video-encoder-webm-vp8: eb34c28f22e8b96e1ab97ce403110664 -> 
  custom:audio-encoder-webm-vorbis: bf7c407c2cedff20999df2af8eb42d56 -> 
  custom:framework-win-MediaFoundation: 216162199b28c13a410421893ffa2e32 -> 
  custom:container-demuxer-ogg: 62fdf1f143b41e24485cea50d1cbac27 -> 
  custom:video-decoder-webm-vp8: 9c59270c3fd7afecdb556c50c9e8de78 -> 
  custom:audio-decoder-ogg-vorbis: bf7c407c2cedff20999df2af8eb42d56 -> 
========================================================================
Received Prepare
Registering precompiled user dll's ...
Registered in 0.010131 seconds.
Begin MonoManager ReloadAssembly
Symbol file LoadedFromMemory doesn't match image C:\Users\Ninjas\Documents\GitHub\Maximus-An-Red\MA-HappyISHSlimmes\Library\PackageCache\com.unity.visualscripting@1.7.8\Editor\VisualScripting.Core\Dependencies\YamlDotNet\Unity.VisualScripting.YamlDotNet.dll
Symbol file LoadedFromMemory doesn't match image C:\Users\Ninjas\Documents\GitHub\Maximus-An-Red\MA-HappyISHSlimmes\Library\PackageCache\com.unity.visualscripting@1.7.8\Editor\VisualScripting.Core\Dependencies\DotNetZip\Unity.VisualScripting.IonicZip.dll
Native extension for WindowsStandalone target not found
Native extension for WebGL target not found
Refreshing native plugins compatible for Editor in 1.14 ms, found 7 plugins.
Preloading 0 native plugins for Editor in 0.00 ms.
Mono: successfully reloaded assembly
- Completed reload, in  1.487 seconds
Domain Reload Profiling:
	ReloadAssembly (1488ms)
		BeginReloadAssembly (156ms)
			ExecutionOrderSort (0ms)
			DisableScriptedObjects (4ms)
			BackupInstance (0ms)
			ReleaseScriptingObjects (1ms)
			CreateAndSetChildDomain (41ms)
		EndReloadAssembly (1195ms)
			LoadAssemblies (113ms)
			RebuildTransferFunctionScriptingTraits (0ms)
			SetupTypeCache (402ms)
			ReleaseScriptCaches (2ms)
			RebuildScriptCaches (72ms)
			SetupLoadedEditorAssemblies (551ms)
				LogAssemblyErrors (0ms)
				InitializePlatformSupportModulesInManaged (20ms)
				SetLoadedEditorAssemblies (1ms)
				RefreshPlugins (1ms)
				BeforeProcessingInitializeOnLoad (122ms)
				ProcessInitializeOnLoadAttributes (350ms)
				ProcessInitializeOnLoadMethodAttributes (45ms)
				AfterProcessingInitializeOnLoad (11ms)
				EditorAssembliesLoaded (0ms)
			ExecutionOrderSort2 (0ms)
			AwakeInstancesAfterBackupRestoration (8ms)
Platform modules already initialized, skipping
Refreshing native plugins compatible for Editor in 5.29 ms, found 7 plugins.
Preloading 0 native plugins for Editor in 0.00 ms.
Unloading 4051 Unused Serialized files (Serialized files now loaded: 0)
Unloading 32 unused Assets / (0.6 MB). Loaded Objects now: 4580.
Memory consumption went from 161.5 MB to 160.8 MB.
Total: 4.604800 ms (FindLiveObjects: 0.316600 ms CreateObjectMapping: 0.253300 ms MarkObjects: 3.538200 ms  DeleteObjects: 0.495600 ms)

AssetImportParameters requested are different than current active one (requested -> active):
  custom:video-decoder-ogg-theora: a1e56fd34408186e4bbccfd4996cb3dc -> 
  custom:container-muxer-webm: aa71ff27fc2769a1b78a27578f13a17b -> 
  custom:container-demuxer-webm: 4f35f7cbe854078d1ac9338744f61a02 -> 
  custom:video-encoder-webm-vp8: eb34c28f22e8b96e1ab97ce403110664 -> 
  custom:audio-encoder-webm-vorbis: bf7c407c2cedff20999df2af8eb42d56 -> 
  custom:framework-win-MediaFoundation: 216162199b28c13a410421893ffa2e32 -> 
  custom:container-demuxer-ogg: 62fdf1f143b41e24485cea50d1cbac27 -> 
  custom:video-decoder-webm-vp8: 9c59270c3fd7afecdb556c50c9e8de78 -> 
  custom:audio-decoder-ogg-vorbis: bf7c407c2cedff20999df2af8eb42d56 -> 
Editor requested this worker to shutdown with reason: Scaling down because of idle timeout
AssetImportWorker is now disconnected from the server
Process exiting
Exiting without the bug reporter. Application will terminate with return code 0